<?xml version="1.0" encoding="UTF-8"?>
<!-- Generated by org.testng.reporters.JUnitReportReporter -->
<testsuite hostname="DESKTOP-OGS304U" failures="0" tests="1" name="com.sailotech.CreateDoctor" time="0.011" errors="0" timestamp="05 Nov 2021 06:00:31 GMT" skipped="0">
  <testcase classname="com.sailotech.CreateDoctor" name="test_login" time="0.011"/>
</testsuite> <!-- com.sailotech.CreateDoctor -->
